#
# There is insufficient memory for the Java Runtime Environment to continue.
# Native memory allocation (malloc) failed to allocate 2364224 bytes. Error detail: Chunk::new
# Possible reasons:
#   The system is out of physical RAM or swap space
#   This process is running with CompressedOops enabled, and the Java Heap may be blocking the growth of the native heap
# Possible solutions:
#   Reduce memory load on the system
#   Increase physical memory or swap space
#   Check if swap backing store is full
#   Decrease Java heap size (-Xmx/-Xms)
#   Decrease number of Java threads
#   Decrease Java thread stack sizes (-Xss)
#   Set larger code cache with -XX:ReservedCodeCacheSize=
#   JVM is running with Unscaled Compressed Oops mode in which the Java heap is
#     placed in the first 4GB address space. The Java Heap base address is the
#     maximum limit for the native heap growth. Please use -XX:HeapBaseMinAddress
#     to set the Java Heap base and to place the Java Heap above 4GB virtual address.
# This output file may be truncated or incomplete.
#
#  Out of Memory Error (arena.cpp:168), pid=19140, tid=6612
#
# JRE version: OpenJDK Runtime Environment Temurin-21.0.7+6 (21.0.7+6) (build 21.0.7+6-LTS)
# Java VM: OpenJDK 64-Bit Server VM Temurin-21.0.7+6 (21.0.7+6-LTS, mixed mode, sharing, tiered, compressed oops, compressed class ptrs, parallel gc, windows-amd64)
# No core dump will be written. Minidumps are not enabled by default on client versions of Windows
#

---------------  S U M M A R Y ------------

Command Line: --add-modules=ALL-SYSTEM --add-opens=java.base/java.util=ALL-UNNAMED --add-opens=java.base/java.lang=ALL-UNNAMED --add-opens=java.base/sun.nio.fs=ALL-UNNAMED -Declipse.application=org.eclipse.jdt.ls.core.id1 -Dosgi.bundles.defaultStartLevel=4 -Declipse.product=org.eclipse.jdt.ls.core.product -Djava.import.generatesMetadataFilesAtProjectRoot=false -DDetectVMInstallationsJob.disabled=true -Dfile.encoding=utf8 -XX:+UseParallelGC -XX:GCTimeRatio=4 -XX:AdaptiveSizePolicyWeight=90 -Dsun.zip.disableMemoryMapping=true -Xmx2G -Xms100m -Xlog:disable -javaagent:c:\Users\DELL\.vscode\extensions\redhat.java-1.43.1-win32-x64\lombok\lombok-1.18.39-4050.jar -XX:+HeapDumpOnOutOfMemoryError -XX:HeapDumpPath=c:\Users\DELL\AppData\Roaming\Code\User\workspaceStorage\71e3a1359a178e346544d62e09b1f4bf\redhat.java -Daether.dependencyCollector.impl=bf c:\Users\DELL\.vscode\extensions\redhat.java-1.43.1-win32-x64\server\plugins\org.eclipse.equinox.launcher_1.7.0.v20250519-0528.jar -configuration c:\Users\DELL\AppData\Roaming\Code\User\globalStorage\redhat.java\1.43.1\config_win -data c:\Users\DELL\AppData\Roaming\Code\User\workspaceStorage\71e3a1359a178e346544d62e09b1f4bf\redhat.java\jdt_ws --pipe=\\.\pipe\lsp-b49c56c8d2912d0bf60eabc1605d0a93-sock

Host: 11th Gen Intel(R) Core(TM) i3-1115G4 @ 3.00GHz, 4 cores, 7G,  Windows 11 , 64 bit Build 26100 (10.0.26100.4484)
Time: Mon Jul 21 12:24:00 2025 SE Asia Standard Time elapsed time: 168.899035 seconds (0d 0h 2m 48s)

---------------  T H R E A D  ---------------

Current thread (0x00000194c1e682c0):  JavaThread "C2 CompilerThread0" daemon [_thread_in_native, id=6612, stack(0x00000017f4b00000,0x00000017f4c00000) (1024K)]


Current CompileTask:
C2:168899 15313   !   4       org.eclipse.jdt.internal.core.JarPackageFragmentRoot::computeChildren (605 bytes)

Stack: [0x00000017f4b00000,0x00000017f4c00000]
Native frames: (J=compiled Java code, j=interpreted, Vv=VM code, C=native code)
V  [jvm.dll+0x6ce119]
V  [jvm.dll+0x8a84a1]
V  [jvm.dll+0x8aa9ce]
V  [jvm.dll+0x8ab0b3]
V  [jvm.dll+0x27f8a6]
V  [jvm.dll+0xc507d]
V  [jvm.dll+0xc55b3]
V  [jvm.dll+0x3b692c]
V  [jvm.dll+0x382aa5]
V  [jvm.dll+0x381f0a]
V  [jvm.dll+0x247af0]
V  [jvm.dll+0x2470cf]
V  [jvm.dll+0x1c760e]
V  [jvm.dll+0x25695a]
V  [jvm.dll+0x254efa]
V  [jvm.dll+0x3f03f6]
V  [jvm.dll+0x851f6b]
V  [jvm.dll+0x6cc7dd]
C  [ucrtbase.dll+0x37b0]
C  [KERNEL32.DLL+0x2e8d7]
C  [ntdll.dll+0x3c34c]


---------------  P R O C E S S  ---------------

Threads class SMR info:
_java_thread_list=0x00000195232d7280, length=49, elements={
0x00000194c1f6b8c0, 0x00000194c202b0a0, 0x00000194c202d250, 0x00000194c1e60e80,
0x00000194c1e619d0, 0x00000194c1e64630, 0x00000194c1e67490, 0x00000194c1e682c0,
0x00000194c1ee0ba0, 0x000001951a568d30, 0x000001951a66aad0, 0x000001951f64ec70,
0x000001951f610840, 0x000001951f439c00, 0x000001951f43a630, 0x000001951f1b6d90,
0x000001951a60a1f0, 0x000001951f8d94e0, 0x000001951f8d8130, 0x000001951f8d87c0,
0x000001951f8d7410, 0x000001951f8d66f0, 0x000001951f8d6060, 0x000001951f8d6d80,
0x000001951f8d7aa0, 0x0000019522534870, 0x00000195225313f0, 0x0000019522533b50,
0x00000195225327a0, 0x0000019522532e30, 0x0000019522531a80, 0x00000195225334c0,
0x0000019522532110, 0x00000195225362b0, 0x0000019522536940, 0x0000019522536fd0,
0x0000019522537660, 0x0000019522538380, 0x0000019522538a10, 0x000001952227ae60,
0x000001952227a140, 0x000001952227c210, 0x000001952227a7d0, 0x0000019522280a40,
0x000001951a7e48d0, 0x000001951a7e2800, 0x000001951a7e3520, 0x000001951a7e4f60,
0x0000019524860580
}

Java Threads: ( => current thread )
  0x00000194c1f6b8c0 JavaThread "main"                              [_thread_blocked, id=8800, stack(0x00000017f4100000,0x00000017f4200000) (1024K)]
  0x00000194c202b0a0 JavaThread "Reference Handler"          daemon [_thread_blocked, id=17336, stack(0x00000017f4500000,0x00000017f4600000) (1024K)]
  0x00000194c202d250 JavaThread "Finalizer"                  daemon [_thread_blocked, id=5320, stack(0x00000017f4600000,0x00000017f4700000) (1024K)]
  0x00000194c1e60e80 JavaThread "Signal Dispatcher"          daemon [_thread_blocked, id=28976, stack(0x00000017f4700000,0x00000017f4800000) (1024K)]
  0x00000194c1e619d0 JavaThread "Attach Listener"            daemon [_thread_blocked, id=19364, stack(0x00000017f4800000,0x00000017f4900000) (1024K)]
  0x00000194c1e64630 JavaThread "Service Thread"             daemon [_thread_blocked, id=6384, stack(0x00000017f4900000,0x00000017f4a00000) (1024K)]
  0x00000194c1e67490 JavaThread "Monitor Deflation Thread"   daemon [_thread_blocked, id=21796, stack(0x00000017f4a00000,0x00000017f4b00000) (1024K)]
=>0x00000194c1e682c0 JavaThread "C2 CompilerThread0"         daemon [_thread_in_native, id=6612, stack(0x00000017f4b00000,0x00000017f4c00000) (1024K)]
  0x00000194c1ee0ba0 JavaThread "C1 CompilerThread0"         daemon [_thread_blocked, id=15020, stack(0x00000017f4c00000,0x00000017f4d00000) (1024K)]
  0x000001951a568d30 JavaThread "Common-Cleaner"             daemon [_thread_blocked, id=9332, stack(0x00000017f4d00000,0x00000017f4e00000) (1024K)]
  0x000001951a66aad0 JavaThread "Notification Thread"        daemon [_thread_blocked, id=20128, stack(0x00000017f4e00000,0x00000017f4f00000) (1024K)]
  0x000001951f64ec70 JavaThread "Active Thread: Equinox Container: 55cc69c6-fda2-4d84-bc88-214f7b86d63c"        [_thread_blocked, id=26096, stack(0x00000017f4f00000,0x00000017f5000000) (1024K)]
  0x000001951f610840 JavaThread "Refresh Thread: Equinox Container: 55cc69c6-fda2-4d84-bc88-214f7b86d63c" daemon [_thread_blocked, id=24584, stack(0x00000017f5300000,0x00000017f5400000) (1024K)]
  0x000001951f439c00 JavaThread "Framework Event Dispatcher: Equinox Container: 55cc69c6-fda2-4d84-bc88-214f7b86d63c" daemon [_thread_blocked, id=2580, stack(0x00000017f5400000,0x00000017f5500000) (1024K)]
  0x000001951f43a630 JavaThread "Start Level: Equinox Container: 55cc69c6-fda2-4d84-bc88-214f7b86d63c" daemon [_thread_blocked, id=27904, stack(0x00000017f5500000,0x00000017f5600000) (1024K)]
  0x000001951f1b6d90 JavaThread "Bundle File Closer"         daemon [_thread_blocked, id=17728, stack(0x00000017f5600000,0x00000017f5700000) (1024K)]
  0x000001951a60a1f0 JavaThread "SCR Component Actor"        daemon [_thread_blocked, id=27020, stack(0x00000017f5700000,0x00000017f5800000) (1024K)]
  0x000001951f8d94e0 JavaThread "Worker-JM"                         [_thread_blocked, id=22972, stack(0x00000017f5a00000,0x00000017f5b00000) (1024K)]
  0x000001951f8d8130 JavaThread "JNA Cleaner"                daemon [_thread_blocked, id=21432, stack(0x00000017f5900000,0x00000017f5a00000) (1024K)]
  0x000001951f8d87c0 JavaThread "Worker-0: Validate documents"        [_thread_blocked, id=17188, stack(0x00000017f5c00000,0x00000017f5d00000) (1024K)]
  0x000001951f8d7410 JavaThread "Worker-1"                          [_thread_blocked, id=16764, stack(0x00000017f5d00000,0x00000017f5e00000) (1024K)]
  0x000001951f8d66f0 JavaThread "Worker-2"                          [_thread_blocked, id=29688, stack(0x00000017f5e00000,0x00000017f5f00000) (1024K)]
  0x000001951f8d6060 JavaThread "Java indexing"              daemon [_thread_blocked, id=13100, stack(0x00000017f5f00000,0x00000017f6000000) (1024K)]
  0x000001951f8d6d80 JavaThread "Worker-3: Initialize workspace"        [_thread_in_native, id=21476, stack(0x00000017f6000000,0x00000017f6100000) (1024K)]
  0x000001951f8d7aa0 JavaThread "Worker-4"                          [_thread_blocked, id=29640, stack(0x00000017f6100000,0x00000017f6200000) (1024K)]
  0x0000019522534870 JavaThread "Worker-5"                          [_thread_blocked, id=21552, stack(0x00000017f6400000,0x00000017f6500000) (1024K)]
  0x00000195225313f0 JavaThread "Worker-6: Publish Diagnostics"        [_thread_in_native, id=27984, stack(0x00000017f6500000,0x00000017f6600000) (1024K)]
  0x0000019522533b50 JavaThread "Thread-2"                   daemon [_thread_in_native, id=24752, stack(0x00000017f6600000,0x00000017f6700000) (1024K)]
  0x00000195225327a0 JavaThread "Thread-3"                   daemon [_thread_in_native, id=23976, stack(0x00000017f6700000,0x00000017f6800000) (1024K)]
  0x0000019522532e30 JavaThread "Thread-4"                   daemon [_thread_in_native, id=19756, stack(0x00000017f6800000,0x00000017f6900000) (1024K)]
  0x0000019522531a80 JavaThread "Thread-5"                   daemon [_thread_in_native, id=19336, stack(0x00000017f6900000,0x00000017f6a00000) (1024K)]
  0x00000195225334c0 JavaThread "Thread-6"                   daemon [_thread_in_native, id=8020, stack(0x00000017f6a00000,0x00000017f6b00000) (1024K)]
  0x0000019522532110 JavaThread "pool-2-thread-1"                   [_thread_blocked, id=29648, stack(0x00000017f6b00000,0x00000017f6c00000) (1024K)]
  0x00000195225362b0 JavaThread "WorkspaceEventsHandler"            [_thread_blocked, id=19312, stack(0x00000017f6c00000,0x00000017f6d00000) (1024K)]
  0x0000019522536940 JavaThread "pool-1-thread-1"                   [_thread_blocked, id=12568, stack(0x00000017f6d00000,0x00000017f6e00000) (1024K)]
  0x0000019522536fd0 JavaThread "Worker-7"                          [_thread_blocked, id=23340, stack(0x00000017f6e00000,0x00000017f6f00000) (1024K)]
  0x0000019522537660 JavaThread "Worker-8"                          [_thread_blocked, id=28684, stack(0x00000017f5800000,0x00000017f5900000) (1024K)]
  0x0000019522538380 JavaThread "LocalFile Deleter"          daemon [_thread_blocked, id=17468, stack(0x00000017f5b00000,0x00000017f5c00000) (1024K)]
  0x0000019522538a10 JavaThread "LocalFile Deleter"          daemon [_thread_blocked, id=18184, stack(0x00000017f6f00000,0x00000017f7000000) (1024K)]
  0x000001952227ae60 JavaThread "LocalFile Deleter"          daemon [_thread_blocked, id=11544, stack(0x00000017f7100000,0x00000017f7200000) (1024K)]
  0x000001952227a140 JavaThread "Compiler Source File Reader" daemon [_thread_blocked, id=9392, stack(0x00000017f7200000,0x00000017f7300000) (1024K)]
  0x000001952227c210 JavaThread "Compiler Source File Reader" daemon [_thread_blocked, id=10948, stack(0x00000017f7300000,0x00000017f7400000) (1024K)]
  0x000001952227a7d0 JavaThread "Compiler Class File Writer" daemon [_thread_blocked, id=10772, stack(0x00000017f7600000,0x00000017f7700000) (1024K)]
  0x0000019522280a40 JavaThread "Compiler Class File Writer" daemon [_thread_blocked, id=18824, stack(0x00000017f7700000,0x00000017f7800000) (1024K)]
  0x000001951a7e48d0 JavaThread "ForkJoinPool.commonPool-worker-1" daemon [_thread_in_native, id=15812, stack(0x00000017f3f00000,0x00000017f4000000) (1024K)]
  0x000001951a7e2800 JavaThread "ForkJoinPool.commonPool-worker-2" daemon [_thread_blocked, id=20668, stack(0x00000017f4000000,0x00000017f4100000) (1024K)]
  0x000001951a7e3520 JavaThread "ForkJoinPool.commonPool-worker-3" daemon [_thread_blocked, id=20760, stack(0x00000017f6200000,0x00000017f6300000) (1024K)]
  0x000001951a7e4f60 JavaThread "SCR Component Registry"     daemon [_thread_blocked, id=5544, stack(0x00000017f7000000,0x00000017f7100000) (1024K)]
  0x0000019524860580 JavaThread "C2 CompilerThread1"         daemon [_thread_in_native, id=9276, stack(0x00000017f7400000,0x00000017f7500000) (1024K)]
Total: 49

Other Threads:
  0x00000194c200e840 VMThread "VM Thread"                           [id=27880, stack(0x00000017f4400000,0x00000017f4500000) (1024K)]
  0x00000194c1fd8630 WatcherThread "VM Periodic Task Thread"        [id=26304, stack(0x00000017f4300000,0x00000017f4400000) (1024K)]
  0x00000194c1f89bd0 WorkerThread "GC Thread#0"                     [id=16760, stack(0x00000017f4200000,0x00000017f4300000) (1024K)]
  0x000001951f426510 WorkerThread "GC Thread#1"                     [id=22928, stack(0x00000017f5000000,0x00000017f5100000) (1024K)]
  0x000001951f7a0010 WorkerThread "GC Thread#2"                     [id=12176, stack(0x00000017f5100000,0x00000017f5200000) (1024K)]
  0x000001951f4268b0 WorkerThread "GC Thread#3"                     [id=21344, stack(0x00000017f5200000,0x00000017f5300000) (1024K)]
Total: 6

Threads with active compile tasks:
C2 CompilerThread0  168931 15313   !   4       org.eclipse.jdt.internal.core.JarPackageFragmentRoot::computeChildren (605 bytes)
C2 CompilerThread1  168931 15335   !   4       org.eclipse.jdt.internal.core.util.DeduplicationUtil::intern (149 bytes)
Total: 2

VM state: not at safepoint (normal execution)

VM Mutex/Monitor currently owned by a thread: None

Heap address: 0x0000000080000000, size: 2048 MB, Compressed Oops mode: 32-bit

CDS archive(s) mapped at: [0x00000194d9000000-0x00000194d9ba0000-0x00000194d9ba0000), size 12189696, SharedBaseAddress: 0x00000194d9000000, ArchiveRelocationMode: 1.
Compressed class space mapped at: 0x00000194da000000-0x000001951a000000, reserved size: 1073741824
Narrow klass base: 0x00000194d9000000, Narrow klass shift: 0, Narrow klass range: 0x100000000

GC Precious Log:
 CardTable entry size: 512
 CPUs: 4 total, 4 available
 Memory: 7926M
 Large Page Support: Disabled
 NUMA Support: Disabled
 Compressed Oops: Enabled (32-bit)
 Alignments: Space 512K, Generation 512K, Heap 2M
 Heap Min Capacity: 100M
 Heap Initial Capacity: 100M
 Heap Max Capacity: 2G
 Pre-touch: Disabled
 Parallel Workers: 4

Heap:
 PSYoungGen      total 9728K, used 8402K [0x00000000d5580000, 0x00000000d6100000, 0x0000000100000000)
  eden space 9216K, 87% used [0x00000000d5580000,0x00000000d5d5d090,0x00000000d5e80000)
  from space 512K, 68% used [0x00000000d6080000,0x00000000d60d79b0,0x00000000d6100000)
  to   space 512K, 0% used [0x00000000d6000000,0x00000000d6000000,0x00000000d6080000)
 ParOldGen       total 250880K, used 250718K [0x0000000080000000, 0x000000008f500000, 0x00000000d5580000)
  object space 250880K, 99% used [0x0000000080000000,0x000000008f4d78a8,0x000000008f500000)
 Metaspace       used 69040K, committed 70720K, reserved 1114112K
  class space    used 6867K, committed 7616K, reserved 1048576K

Card table byte_map: [0x00000194c1910000,0x00000194c1d20000] _byte_map_base: 0x00000194c1510000

Marking Bits: (ParMarkBitMap*) 0x00007ffa383d31f0
 Begin Bits: [0x00000194d4410000, 0x00000194d6410000)
 End Bits:   [0x00000194d6410000, 0x00000194d8410000)

Polling page: 0x00000194bfb90000

Metaspace:

Usage:
  Non-class:     60.72 MB used.
      Class:      6.71 MB used.
       Both:     67.42 MB used.

Virtual space:
  Non-class space:       64.00 MB reserved,      61.62 MB ( 96%) committed,  1 nodes.
      Class space:        1.00 GB reserved,       7.44 MB ( <1%) committed,  1 nodes.
             Both:        1.06 GB reserved,      69.06 MB (  6%) committed. 

Chunk freelists:
   Non-Class:  2.16 MB
       Class:  8.53 MB
        Both:  10.68 MB

MaxMetaspaceSize: unlimited
CompressedClassSpaceSize: 1.00 GB
Initial GC threshold: 21.00 MB
Current GC threshold: 110.00 MB
CDS: on
 - commit_granule_bytes: 65536.
 - commit_granule_words: 8192.
 - virtual_space_node_default_size: 8388608.
 - enlarge_chunks_in_place: 1.
 - use_allocation_guard: 0.


Internal statistics:

num_allocs_failed_limit: 9.
num_arena_births: 1428.
num_arena_deaths: 14.
num_vsnodes_births: 2.
num_vsnodes_deaths: 0.
num_space_committed: 1105.
num_space_uncommitted: 0.
num_chunks_returned_to_freelist: 23.
num_chunks_taken_from_freelist: 4808.
num_chunk_merges: 10.
num_chunk_splits: 2913.
num_chunks_enlarged: 1625.
num_inconsistent_stats: 0.

CodeHeap 'non-profiled nmethods': size=120000Kb used=11059Kb max_used=11059Kb free=108940Kb
 bounds [0x00000194ccc30000, 0x00000194cd740000, 0x00000194d4160000]
CodeHeap 'profiled nmethods': size=120000Kb used=26481Kb max_used=32533Kb free=93518Kb
 bounds [0x00000194c5160000, 0x00000194c7130000, 0x00000194cc690000]
CodeHeap 'non-nmethods': size=5760Kb used=1459Kb max_used=1573Kb free=4300Kb
 bounds [0x00000194cc690000, 0x00000194cc900000, 0x00000194ccc30000]
 total_blobs=12391 nmethods=11630 adapters=665
 compilation: enabled
              stopped_count=0, restarted_count=0
 full_count=0

Compilation events (20 events):
Event: 168.348 Thread 0x00000194c1ee0ba0 15329       1       org.eclipse.m2e.jdt.internal.ClasspathEntryDescriptor::getEntryKind (5 bytes)
Event: 168.348 Thread 0x00000194c1ee0ba0 nmethod 15329 0x00000194cd5adf90 code [0x00000194cd5ae120, 0x00000194cd5ae1e8]
Event: 168.391 Thread 0x0000019524860580 nmethod 15314 0x00000194ccfcd010 code [0x00000194ccfcd3e0, 0x00000194ccfcfc68]
Event: 168.392 Thread 0x0000019524860580 15320       4       java.lang.invoke.LambdaForm$MH/0x00000194da01f400::invoke (46 bytes)
Event: 168.395 Thread 0x0000019524860580 nmethod 15320 0x00000194cd073510 code [0x00000194cd0736c0, 0x00000194cd073890]
Event: 168.395 Thread 0x0000019524860580 15323       4       java.lang.invoke.LambdaForm$MH/0x00000194da01fc00::invoke (110 bytes)
Event: 168.398 Thread 0x0000019524860580 nmethod 15323 0x00000194ccf84e10 code [0x00000194ccf85020, 0x00000194ccf853e8]
Event: 168.401 Thread 0x0000019524860580 15330       4       java.util.ArrayList::equalsRange (85 bytes)
Event: 168.405 Thread 0x00000194c1ee0ba0 15333       2       org.eclipse.jdt.internal.compiler.parser.Scanner::internalScanIdentifierOrKeyword (5041 bytes)
Event: 168.413 Thread 0x00000194c1ee0ba0 nmethod 15333 0x00000194c5643990 code [0x00000194c56445a0, 0x00000194c564a6b0]
Event: 168.422 Thread 0x0000019524860580 nmethod 15330 0x00000194cd4e6c90 code [0x00000194cd4e6ec0, 0x00000194cd4e7778]
Event: 168.423 Thread 0x0000019524860580 15331       4       org.eclipse.jdt.internal.core.JarPackageFragmentRoot$$Lambda/0x00000194da4f8ab8::apply (8 bytes)
Event: 168.433 Thread 0x0000019524860580 nmethod 15331 0x00000194cd3b9210 code [0x00000194cd3b9420, 0x00000194cd3b9b58]
Event: 168.433 Thread 0x0000019524860580 15332       4       org.eclipse.jdt.internal.core.JarPackageFragmentRoot$$Lambda/0x00000194da4f8ce8::apply (5 bytes)
Event: 168.434 Thread 0x0000019524860580 nmethod 15332 0x00000194ccd77d90 code [0x00000194ccd77f20, 0x00000194ccd780d0]
Event: 168.435 Thread 0x0000019524860580 15334       4       java.util.ArrayList$SubList::equals (47 bytes)
Event: 168.500 Thread 0x00000194c1ee0ba0 15337       3       com.google.common.collect.ImmutableList::of (9 bytes)
Event: 168.501 Thread 0x00000194c1ee0ba0 nmethod 15337 0x00000194c5ef3f10 code [0x00000194c5ef4100, 0x00000194c5ef4590]
Event: 168.501 Thread 0x00000194c1ee0ba0 15338       3       com.google.common.collect.SingletonImmutableList::<init> (13 bytes)
Event: 168.501 Thread 0x00000194c1ee0ba0 nmethod 15338 0x00000194c6261c90 code [0x00000194c6261e60, 0x00000194c6262250]

GC Heap History (20 events):
Event: 167.995 GC heap before
{Heap before GC invocations=1340 (full 7):
 PSYoungGen      total 9728K, used 9456K [0x00000000d5580000, 0x00000000d6180000, 0x0000000100000000)
  eden space 9216K, 100% used [0x00000000d5580000,0x00000000d5e80000,0x00000000d5e80000)
  from space 512K, 46% used [0x00000000d6100000,0x00000000d613c0d0,0x00000000d6180000)
  to   space 512K, 0% used [0x00000000d5e80000,0x00000000d5e80000,0x00000000d5f00000)
 ParOldGen       total 248832K, used 248823K [0x0000000080000000, 0x000000008f300000, 0x00000000d5580000)
  object space 248832K, 99% used [0x0000000080000000,0x000000008f2fde50,0x000000008f300000)
 Metaspace       used 69033K, committed 70720K, reserved 1114112K
  class space    used 6866K, committed 7616K, reserved 1048576K
}
Event: 167.998 GC heap after
{Heap after GC invocations=1340 (full 7):
 PSYoungGen      total 9728K, used 253K [0x00000000d5580000, 0x00000000d6180000, 0x0000000100000000)
  eden space 9216K, 0% used [0x00000000d5580000,0x00000000d5580000,0x00000000d5e80000)
  from space 512K, 49% used [0x00000000d5e80000,0x00000000d5ebf538,0x00000000d5f00000)
  to   space 512K, 0% used [0x00000000d6100000,0x00000000d6100000,0x00000000d6180000)
 ParOldGen       total 249344K, used 248919K [0x0000000080000000, 0x000000008f380000, 0x00000000d5580000)
  object space 249344K, 99% used [0x0000000080000000,0x000000008f315e50,0x000000008f380000)
 Metaspace       used 69033K, committed 70720K, reserved 1114112K
  class space    used 6866K, committed 7616K, reserved 1048576K
}
Event: 168.033 GC heap before
{Heap before GC invocations=1341 (full 7):
 PSYoungGen      total 9728K, used 9469K [0x00000000d5580000, 0x00000000d6180000, 0x0000000100000000)
  eden space 9216K, 100% used [0x00000000d5580000,0x00000000d5e80000,0x00000000d5e80000)
  from space 512K, 49% used [0x00000000d5e80000,0x00000000d5ebf538,0x00000000d5f00000)
  to   space 512K, 0% used [0x00000000d6100000,0x00000000d6100000,0x00000000d6180000)
 ParOldGen       total 249344K, used 248919K [0x0000000080000000, 0x000000008f380000, 0x00000000d5580000)
  object space 249344K, 99% used [0x0000000080000000,0x000000008f315e50,0x000000008f380000)
 Metaspace       used 69034K, committed 70720K, reserved 1114112K
  class space    used 6866K, committed 7616K, reserved 1048576K
}
Event: 168.034 GC heap after
{Heap after GC invocations=1341 (full 7):
 PSYoungGen      total 9728K, used 224K [0x00000000d5580000, 0x00000000d6180000, 0x0000000100000000)
  eden space 9216K, 0% used [0x00000000d5580000,0x00000000d5580000,0x00000000d5e80000)
  from space 512K, 43% used [0x00000000d6100000,0x00000000d6138000,0x00000000d6180000)
  to   space 512K, 0% used [0x00000000d5e80000,0x00000000d5e80000,0x00000000d5f00000)
 ParOldGen       total 249344K, used 249023K [0x0000000080000000, 0x000000008f380000, 0x00000000d5580000)
  object space 249344K, 99% used [0x0000000080000000,0x000000008f32fe50,0x000000008f380000)
 Metaspace       used 69034K, committed 70720K, reserved 1114112K
  class space    used 6866K, committed 7616K, reserved 1048576K
}
Event: 168.060 GC heap before
{Heap before GC invocations=1342 (full 7):
 PSYoungGen      total 9728K, used 9440K [0x00000000d5580000, 0x00000000d6180000, 0x0000000100000000)
  eden space 9216K, 100% used [0x00000000d5580000,0x00000000d5e80000,0x00000000d5e80000)
  from space 512K, 43% used [0x00000000d6100000,0x00000000d6138000,0x00000000d6180000)
  to   space 512K, 0% used [0x00000000d5e80000,0x00000000d5e80000,0x00000000d5f00000)
 ParOldGen       total 249344K, used 249023K [0x0000000080000000, 0x000000008f380000, 0x00000000d5580000)
  object space 249344K, 99% used [0x0000000080000000,0x000000008f32fe50,0x000000008f380000)
 Metaspace       used 69035K, committed 70720K, reserved 1114112K
  class space    used 6866K, committed 7616K, reserved 1048576K
}
Event: 168.063 GC heap after
{Heap after GC invocations=1342 (full 7):
 PSYoungGen      total 9728K, used 185K [0x00000000d5580000, 0x00000000d6180000, 0x0000000100000000)
  eden space 9216K, 0% used [0x00000000d5580000,0x00000000d5580000,0x00000000d5e80000)
  from space 512K, 36% used [0x00000000d5e80000,0x00000000d5eae528,0x00000000d5f00000)
  to   space 512K, 0% used [0x00000000d6100000,0x00000000d6100000,0x00000000d6180000)
 ParOldGen       total 249344K, used 249143K [0x0000000080000000, 0x000000008f380000, 0x00000000d5580000)
  object space 249344K, 99% used [0x0000000080000000,0x000000008f34de50,0x000000008f380000)
 Metaspace       used 69035K, committed 70720K, reserved 1114112K
  class space    used 6866K, committed 7616K, reserved 1048576K
}
Event: 168.117 GC heap before
{Heap before GC invocations=1343 (full 7):
 PSYoungGen      total 9728K, used 9401K [0x00000000d5580000, 0x00000000d6180000, 0x0000000100000000)
  eden space 9216K, 100% used [0x00000000d5580000,0x00000000d5e80000,0x00000000d5e80000)
  from space 512K, 36% used [0x00000000d5e80000,0x00000000d5eae528,0x00000000d5f00000)
  to   space 512K, 0% used [0x00000000d6100000,0x00000000d6100000,0x00000000d6180000)
 ParOldGen       total 249344K, used 249143K [0x0000000080000000, 0x000000008f380000, 0x00000000d5580000)
  object space 249344K, 99% used [0x0000000080000000,0x000000008f34de50,0x000000008f380000)
 Metaspace       used 69035K, committed 70720K, reserved 1114112K
  class space    used 6866K, committed 7616K, reserved 1048576K
}
Event: 168.119 GC heap after
{Heap after GC invocations=1343 (full 7):
 PSYoungGen      total 9728K, used 192K [0x00000000d5580000, 0x00000000d6180000, 0x0000000100000000)
  eden space 9216K, 0% used [0x00000000d5580000,0x00000000d5580000,0x00000000d5e80000)
  from space 512K, 37% used [0x00000000d6100000,0x00000000d6130000,0x00000000d6180000)
  to   space 512K, 0% used [0x00000000d5e80000,0x00000000d5e80000,0x00000000d5f00000)
 ParOldGen       total 249344K, used 249207K [0x0000000080000000, 0x000000008f380000, 0x00000000d5580000)
  object space 249344K, 99% used [0x0000000080000000,0x000000008f35de50,0x000000008f380000)
 Metaspace       used 69035K, committed 70720K, reserved 1114112K
  class space    used 6866K, committed 7616K, reserved 1048576K
}
Event: 168.178 GC heap before
{Heap before GC invocations=1344 (full 7):
 PSYoungGen      total 9728K, used 9408K [0x00000000d5580000, 0x00000000d6180000, 0x0000000100000000)
  eden space 9216K, 100% used [0x00000000d5580000,0x00000000d5e80000,0x00000000d5e80000)
  from space 512K, 37% used [0x00000000d6100000,0x00000000d6130000,0x00000000d6180000)
  to   space 512K, 0% used [0x00000000d5e80000,0x00000000d5e80000,0x00000000d5f00000)
 ParOldGen       total 249344K, used 249207K [0x0000000080000000, 0x000000008f380000, 0x00000000d5580000)
  object space 249344K, 99% used [0x0000000080000000,0x000000008f35de50,0x000000008f380000)
 Metaspace       used 69036K, committed 70720K, reserved 1114112K
  class space    used 6866K, committed 7616K, reserved 1048576K
}
Event: 168.179 GC heap after
{Heap after GC invocations=1344 (full 7):
 PSYoungGen      total 9728K, used 375K [0x00000000d5580000, 0x00000000d6180000, 0x0000000100000000)
  eden space 9216K, 0% used [0x00000000d5580000,0x00000000d5580000,0x00000000d5e80000)
  from space 512K, 73% used [0x00000000d5e80000,0x00000000d5eddfe0,0x00000000d5f00000)
  to   space 512K, 0% used [0x00000000d6100000,0x00000000d6100000,0x00000000d6180000)
 ParOldGen       total 249856K, used 249351K [0x0000000080000000, 0x000000008f400000, 0x00000000d5580000)
  object space 249856K, 99% used [0x0000000080000000,0x000000008f381e50,0x000000008f400000)
 Metaspace       used 69036K, committed 70720K, reserved 1114112K
  class space    used 6866K, committed 7616K, reserved 1048576K
}
Event: 168.261 GC heap before
{Heap before GC invocations=1345 (full 7):
 PSYoungGen      total 9728K, used 9591K [0x00000000d5580000, 0x00000000d6180000, 0x0000000100000000)
  eden space 9216K, 100% used [0x00000000d5580000,0x00000000d5e80000,0x00000000d5e80000)
  from space 512K, 73% used [0x00000000d5e80000,0x00000000d5eddfe0,0x00000000d5f00000)
  to   space 512K, 0% used [0x00000000d6100000,0x00000000d6100000,0x00000000d6180000)
 ParOldGen       total 249856K, used 249351K [0x0000000080000000, 0x000000008f400000, 0x00000000d5580000)
  object space 249856K, 99% used [0x0000000080000000,0x000000008f381e50,0x000000008f400000)
 Metaspace       used 69036K, committed 70720K, reserved 1114112K
  class space    used 6866K, committed 7616K, reserved 1048576K
}
Event: 168.263 GC heap after
{Heap after GC invocations=1345 (full 7):
 PSYoungGen      total 9728K, used 508K [0x00000000d5580000, 0x00000000d6180000, 0x0000000100000000)
  eden space 9216K, 0% used [0x00000000d5580000,0x00000000d5580000,0x00000000d5e80000)
  from space 512K, 99% used [0x00000000d6100000,0x00000000d617f0a8,0x00000000d6180000)
  to   space 1024K, 0% used [0x00000000d5f80000,0x00000000d5f80000,0x00000000d6080000)
 ParOldGen       total 249856K, used 249575K [0x0000000080000000, 0x000000008f400000, 0x00000000d5580000)
  object space 249856K, 99% used [0x0000000080000000,0x000000008f3b9e50,0x000000008f400000)
 Metaspace       used 69036K, committed 70720K, reserved 1114112K
  class space    used 6866K, committed 7616K, reserved 1048576K
}
Event: 168.341 GC heap before
{Heap before GC invocations=1346 (full 7):
 PSYoungGen      total 9728K, used 9724K [0x00000000d5580000, 0x00000000d6180000, 0x0000000100000000)
  eden space 9216K, 100% used [0x00000000d5580000,0x00000000d5e80000,0x00000000d5e80000)
  from space 512K, 99% used [0x00000000d6100000,0x00000000d617f0a8,0x00000000d6180000)
  to   space 1024K, 0% used [0x00000000d5f80000,0x00000000d5f80000,0x00000000d6080000)
 ParOldGen       total 249856K, used 249575K [0x0000000080000000, 0x000000008f400000, 0x00000000d5580000)
  object space 249856K, 99% used [0x0000000080000000,0x000000008f3b9e50,0x000000008f400000)
 Metaspace       used 69037K, committed 70720K, reserved 1114112K
  class space    used 6866K, committed 7616K, reserved 1048576K
}
Event: 168.342 GC heap after
{Heap after GC invocations=1346 (full 7):
 PSYoungGen      total 10240K, used 508K [0x00000000d5580000, 0x00000000d6180000, 0x0000000100000000)
  eden space 9216K, 0% used [0x00000000d5580000,0x00000000d5580000,0x00000000d5e80000)
  from space 1024K, 49% used [0x00000000d5f80000,0x00000000d5fff3a0,0x00000000d6080000)
  to   space 1024K, 0% used [0x00000000d6080000,0x00000000d6080000,0x00000000d6180000)
 ParOldGen       total 250368K, used 249963K [0x0000000080000000, 0x000000008f480000, 0x00000000d5580000)
  object space 250368K, 99% used [0x0000000080000000,0x000000008f41ae60,0x000000008f480000)
 Metaspace       used 69037K, committed 70720K, reserved 1114112K
  class space    used 6866K, committed 7616K, reserved 1048576K
}
Event: 168.374 GC heap before
{Heap before GC invocations=1347 (full 7):
 PSYoungGen      total 10240K, used 9724K [0x00000000d5580000, 0x00000000d6180000, 0x0000000100000000)
  eden space 9216K, 100% used [0x00000000d5580000,0x00000000d5e80000,0x00000000d5e80000)
  from space 1024K, 49% used [0x00000000d5f80000,0x00000000d5fff3a0,0x00000000d6080000)
  to   space 1024K, 0% used [0x00000000d6080000,0x00000000d6080000,0x00000000d6180000)
 ParOldGen       total 250368K, used 249963K [0x0000000080000000, 0x000000008f480000, 0x00000000d5580000)
  object space 250368K, 99% used [0x0000000080000000,0x000000008f41ae60,0x000000008f480000)
 Metaspace       used 69037K, committed 70720K, reserved 1114112K
  class space    used 6866K, committed 7616K, reserved 1048576K
}
Event: 168.376 GC heap after
{Heap after GC invocations=1347 (full 7):
 PSYoungGen      total 9728K, used 366K [0x00000000d5580000, 0x00000000d6100000, 0x0000000100000000)
  eden space 9216K, 0% used [0x00000000d5580000,0x00000000d5580000,0x00000000d5e80000)
  from space 512K, 71% used [0x00000000d6080000,0x00000000d60db8c0,0x00000000d6100000)
  to   space 512K, 0% used [0x00000000d6000000,0x00000000d6000000,0x00000000d6080000)
 ParOldGen       total 250368K, used 250302K [0x0000000080000000, 0x000000008f480000, 0x00000000d5580000)
  object space 250368K, 99% used [0x0000000080000000,0x000000008f46f9f8,0x000000008f480000)
 Metaspace       used 69037K, committed 70720K, reserved 1114112K
  class space    used 6866K, committed 7616K, reserved 1048576K
}
Event: 168.402 GC heap before
{Heap before GC invocations=1348 (full 7):
 PSYoungGen      total 9728K, used 9582K [0x00000000d5580000, 0x00000000d6100000, 0x0000000100000000)
  eden space 9216K, 100% used [0x00000000d5580000,0x00000000d5e80000,0x00000000d5e80000)
  from space 512K, 71% used [0x00000000d6080000,0x00000000d60db8c0,0x00000000d6100000)
  to   space 512K, 0% used [0x00000000d6000000,0x00000000d6000000,0x00000000d6080000)
 ParOldGen       total 250368K, used 250302K [0x0000000080000000, 0x000000008f480000, 0x00000000d5580000)
  object space 250368K, 99% used [0x0000000080000000,0x000000008f46f9f8,0x000000008f480000)
 Metaspace       used 69037K, committed 70720K, reserved 1114112K
  class space    used 6866K, committed 7616K, reserved 1048576K
}
Event: 168.403 GC heap after
{Heap after GC invocations=1348 (full 7):
 PSYoungGen      total 9728K, used 430K [0x00000000d5580000, 0x00000000d6100000, 0x0000000100000000)
  eden space 9216K, 0% used [0x00000000d5580000,0x00000000d5580000,0x00000000d5e80000)
  from space 512K, 84% used [0x00000000d6000000,0x00000000d606ba20,0x00000000d6080000)
  to   space 512K, 0% used [0x00000000d6080000,0x00000000d6080000,0x00000000d6100000)
 ParOldGen       total 250880K, used 250495K [0x0000000080000000, 0x000000008f500000, 0x00000000d5580000)
  object space 250880K, 99% used [0x0000000080000000,0x000000008f49fc78,0x000000008f500000)
 Metaspace       used 69037K, committed 70720K, reserved 1114112K
  class space    used 6866K, committed 7616K, reserved 1048576K
}
Event: 168.424 GC heap before
{Heap before GC invocations=1349 (full 7):
 PSYoungGen      total 9728K, used 9646K [0x00000000d5580000, 0x00000000d6100000, 0x0000000100000000)
  eden space 9216K, 100% used [0x00000000d5580000,0x00000000d5e80000,0x00000000d5e80000)
  from space 512K, 84% used [0x00000000d6000000,0x00000000d606ba20,0x00000000d6080000)
  to   space 512K, 0% used [0x00000000d6080000,0x00000000d6080000,0x00000000d6100000)
 ParOldGen       total 250880K, used 250495K [0x0000000080000000, 0x000000008f500000, 0x00000000d5580000)
  object space 250880K, 99% used [0x0000000080000000,0x000000008f49fc78,0x000000008f500000)
 Metaspace       used 69037K, committed 70720K, reserved 1114112K
  class space    used 6866K, committed 7616K, reserved 1048576K
}
Event: 168.426 GC heap after
{Heap after GC invocations=1349 (full 7):
 PSYoungGen      total 9728K, used 350K [0x00000000d5580000, 0x00000000d6100000, 0x0000000100000000)
  eden space 9216K, 0% used [0x00000000d5580000,0x00000000d5580000,0x00000000d5e80000)
  from space 512K, 68% used [0x00000000d6080000,0x00000000d60d79b0,0x00000000d6100000)
  to   space 512K, 0% used [0x00000000d6000000,0x00000000d6000000,0x00000000d6080000)
 ParOldGen       total 250880K, used 250718K [0x0000000080000000, 0x000000008f500000, 0x00000000d5580000)
  object space 250880K, 99% used [0x0000000080000000,0x000000008f4d78a8,0x000000008f500000)
 Metaspace       used 69037K, committed 70720K, reserved 1114112K
  class space    used 6866K, committed 7616K, reserved 1048576K
}

Dll operation events (10 events):
Event: 0.228 Loaded shared library c:\Users\DELL\.vscode\extensions\redhat.java-1.43.1-win32-x64\jre\21.0.7-win32-x86_64\bin\java.dll
Event: 0.409 Loaded shared library c:\Users\DELL\.vscode\extensions\redhat.java-1.43.1-win32-x64\jre\21.0.7-win32-x86_64\bin\zip.dll
Event: 0.446 Loaded shared library C:\Users\DELL\.vscode\extensions\redhat.java-1.43.1-win32-x64\jre\21.0.7-win32-x86_64\bin\instrument.dll
Event: 0.454 Loaded shared library C:\Users\DELL\.vscode\extensions\redhat.java-1.43.1-win32-x64\jre\21.0.7-win32-x86_64\bin\net.dll
Event: 0.457 Loaded shared library C:\Users\DELL\.vscode\extensions\redhat.java-1.43.1-win32-x64\jre\21.0.7-win32-x86_64\bin\nio.dll
Event: 0.461 Loaded shared library C:\Users\DELL\.vscode\extensions\redhat.java-1.43.1-win32-x64\jre\21.0.7-win32-x86_64\bin\zip.dll
Event: 0.484 Loaded shared library C:\Users\DELL\.vscode\extensions\redhat.java-1.43.1-win32-x64\jre\21.0.7-win32-x86_64\bin\jimage.dll
Event: 0.598 Loaded shared library c:\Users\DELL\.vscode\extensions\redhat.java-1.43.1-win32-x64\jre\21.0.7-win32-x86_64\bin\verify.dll
Event: 24.593 Loaded shared library C:\Users\DELL\AppData\Roaming\Code\User\globalStorage\redhat.java\1.43.1\config_win\org.eclipse.equinox.launcher\org.eclipse.equinox.launcher.win32.win32.x86_64_1.2.1300.v20250331-1702\eclipse_11911.dll
Event: 42.641 Loaded shared library C:\Users\DELL\AppData\Local\Temp\jna-2094529\jna749998051610349090.dll

Deoptimization events (20 events):
Event: 168.082 Thread 0x000001951a7e48d0 Uncommon trap: reason=unstable_if action=reinterpret pc=0x00000194cccec890 method=org.eclipse.jdt.internal.core.util.WeakHashSet.cleanupGarbageCollectedValues()V @ 112 c2
Event: 168.082 Thread 0x000001951a7e48d0 DEOPT PACKING pc=0x00000194cccec890 sp=0x00000017f3ffe370
Event: 168.082 Thread 0x000001951a7e48d0 DEOPT UNPACKING pc=0x00000194cc6e6da2 sp=0x00000017f3ffe270 mode 2
Event: 168.290 Thread 0x000001951a7e2800 Uncommon trap: trap_request=0xffffff45 fr.pc=0x00000194cccea690 relative=0x00000000000007b0
Event: 168.290 Thread 0x000001951a7e2800 Uncommon trap: reason=unstable_if action=reinterpret pc=0x00000194cccea690 method=java.util.ArrayList.equalsRange(Ljava/util/List;II)Z @ 76 c2
Event: 168.290 Thread 0x000001951a7e2800 DEOPT PACKING pc=0x00000194cccea690 sp=0x00000017f40fe370
Event: 168.290 Thread 0x000001951a7e2800 DEOPT UNPACKING pc=0x00000194cc6e6da2 sp=0x00000017f40fe2a0 mode 2
Event: 168.299 Thread 0x000001951a7e48d0 Uncommon trap: trap_request=0xffffff45 fr.pc=0x00000194ccc76210 relative=0x00000000000006b0
Event: 168.299 Thread 0x000001951a7e48d0 Uncommon trap: reason=unstable_if action=reinterpret pc=0x00000194ccc76210 method=java.util.ArrayList.equalsRange(Ljava/util/List;II)Z @ 76 c2
Event: 168.314 Thread 0x000001951a7e48d0 DEOPT PACKING pc=0x00000194ccc76210 sp=0x00000017f3ffe2a0
Event: 168.314 Thread 0x000001951a7e48d0 DEOPT UNPACKING pc=0x00000194cc6e6da2 sp=0x00000017f3ffe230 mode 2
Event: 168.398 Thread 0x000001951a7e48d0 Uncommon trap: trap_request=0xffffffe4 fr.pc=0x00000194cd1b03bc relative=0x0000000000000fdc
Event: 168.398 Thread 0x000001951a7e48d0 Uncommon trap: reason=range_check action=make_not_entrant pc=0x00000194cd1b03bc method=org.eclipse.jdt.internal.compiler.parser.Scanner.internalScanIdentifierOrKeyword(II[C)Lorg/eclipse/jdt/internal/compiler/parser/TerminalToken; @ 3013 c2
Event: 168.398 Thread 0x000001951a7e48d0 DEOPT PACKING pc=0x00000194cd1b03bc sp=0x00000017f3ffe320
Event: 168.398 Thread 0x000001951a7e48d0 DEOPT UNPACKING pc=0x00000194cc6e6da2 sp=0x00000017f3ffe2b0 mode 2
Event: 168.405 Thread 0x000001951a7e2800 DEOPT PACKING pc=0x00000194c6c5616a sp=0x00000017f40fe5c0
Event: 168.405 Thread 0x000001951a7e2800 DEOPT UNPACKING pc=0x00000194cc6e78e2 sp=0x00000017f40fdb70 mode 0
Event: 168.439 Thread 0x00000195225313f0 Uncommon trap: trap_request=0xffffffdc fr.pc=0x00000194cd3b999c relative=0x000000000000057c
Event: 168.439 Thread 0x00000195225313f0 Uncommon trap: reason=class_check action=make_not_entrant pc=0x00000194cd3b999c method=java.util.ImmutableCollections$ListN.toArray([Ljava/lang/Object;)[Ljava/lang/Object; @ 21 c2
Event: 168.439 Thread 0x00000195225313f0 DEOPT PACKING pc=0x00000194cd3b999c sp=0x00000017f65fe560

Classes loaded (20 events):
Event: 88.670 Loading class sun/nio/fs/WindowsFileSystem$2
Event: 88.671 Loading class java/nio/file/PathMatcher
Event: 88.671 Loading class java/nio/file/PathMatcher done
Event: 88.671 Loading class sun/nio/fs/WindowsFileSystem$2 done
Event: 92.530 Loading class java/util/Collections$SynchronizedRandomAccessList
Event: 92.530 Loading class java/util/Collections$SynchronizedList
Event: 92.531 Loading class java/util/Collections$SynchronizedList done
Event: 92.531 Loading class java/util/Collections$SynchronizedRandomAccessList done
Event: 92.566 Loading class java/util/concurrent/CompletableFuture$Signaller
Event: 92.566 Loading class java/util/concurrent/CompletableFuture$Signaller done
Event: 158.450 Loading class java/util/concurrent/CompletableFuture$UniApply
Event: 158.453 Loading class java/util/concurrent/CompletableFuture$UniApply done
Event: 158.474 Loading class java/util/concurrent/CompletableFuture$UniExceptionally
Event: 158.475 Loading class java/util/concurrent/CompletableFuture$UniExceptionally done
Event: 160.391 Loading class java/nio/charset/CharacterCodingException
Event: 160.392 Loading class java/nio/charset/CharacterCodingException done
Event: 160.392 Loading class java/io/SequenceInputStream
Event: 160.394 Loading class java/io/SequenceInputStream done
Event: 165.656 Loading class java/util/Hashtable$KeySet
Event: 165.656 Loading class java/util/Hashtable$KeySet done

Classes unloaded (7 events):
Event: 43.480 Thread 0x00000194c200e840 Unloading class 0x00000194da1a4800 'java/lang/invoke/LambdaForm$MH+0x00000194da1a4800'
Event: 43.480 Thread 0x00000194c200e840 Unloading class 0x00000194da1a4400 'java/lang/invoke/LambdaForm$MH+0x00000194da1a4400'
Event: 43.480 Thread 0x00000194c200e840 Unloading class 0x00000194da1a4000 'java/lang/invoke/LambdaForm$MH+0x00000194da1a4000'
Event: 43.480 Thread 0x00000194c200e840 Unloading class 0x00000194da1a3c00 'java/lang/invoke/LambdaForm$MH+0x00000194da1a3c00'
Event: 43.480 Thread 0x00000194c200e840 Unloading class 0x00000194da1a3800 'java/lang/invoke/LambdaForm$BMH+0x00000194da1a3800'
Event: 43.480 Thread 0x00000194c200e840 Unloading class 0x00000194da1a3400 'java/lang/invoke/LambdaForm$DMH+0x00000194da1a3400'
Event: 43.480 Thread 0x00000194c200e840 Unloading class 0x00000194da1a2000 'java/lang/invoke/LambdaForm$DMH+0x00000194da1a2000'

Classes redefined (0 events):
No events

Internal exceptions (20 events):
Event: 165.431 Thread 0x0000019522536940 Exception <a 'sun/nio/fs/WindowsException'{0x00000000d55816c0}> (0x00000000d55816c0) 
thrown [s\src\hotspot\share\prims\jni.cpp, line 520]
Event: 165.575 Thread 0x0000019522536940 Exception <a 'java/lang/IncompatibleClassChangeError'{0x00000000d57929c8}: Found class java.lang.Object, but interface was expected> (0x00000000d57929c8) 
thrown [s\src\hotspot\share\interpreter\linkResolver.cpp, line 840]
Event: 165.624 Thread 0x0000019522536fd0 Exception <a 'sun/nio/fs/WindowsException'{0x00000000d577d920}> (0x00000000d577d920) 
thrown [s\src\hotspot\share\prims\jni.cpp, line 520]
Event: 165.627 Thread 0x0000019522536fd0 Exception <a 'sun/nio/fs/WindowsException'{0x000000008e656680}> (0x000000008e656680) 
thrown [s\src\hotspot\share\prims\jni.cpp, line 520]
Event: 165.681 Thread 0x00000195225313f0 Implicit null exception at 0x00000194cd2d7a4b to 0x00000194cd2d83e0
Event: 165.834 Thread 0x000001951f8d6d80 Exception <a 'sun/nio/fs/WindowsException'{0x00000000d57527e8}> (0x00000000d57527e8) 
thrown [s\src\hotspot\share\prims\jni.cpp, line 520]
Event: 165.834 Thread 0x000001951f8d6d80 Exception <a 'sun/nio/fs/WindowsException'{0x00000000d5760c98}> (0x00000000d5760c98) 
thrown [s\src\hotspot\share\prims\jni.cpp, line 520]
Event: 165.843 Thread 0x000001951f8d6d80 Exception <a 'sun/nio/fs/WindowsException'{0x00000000d59322d0}> (0x00000000d59322d0) 
thrown [s\src\hotspot\share\prims\jni.cpp, line 520]
Event: 165.843 Thread 0x000001951f8d6d80 Exception <a 'sun/nio/fs/WindowsException'{0x00000000d5932d88}> (0x00000000d5932d88) 
thrown [s\src\hotspot\share\prims\jni.cpp, line 520]
Event: 165.874 Thread 0x000001951f8d6d80 Exception <a 'java/io/FileNotFoundException'{0x00000000d57e8470}> (0x00000000d57e8470) 
thrown [s\src\hotspot\share\prims\jni.cpp, line 520]
Event: 165.951 Thread 0x000001951f8d6d80 Exception <a 'java/io/FileNotFoundException'{0x00000000d55be510}> (0x00000000d55be510) 
thrown [s\src\hotspot\share\prims\jni.cpp, line 520]
Event: 166.033 Thread 0x0000019522536fd0 Exception <a 'java/lang/NoSuchMethodError'{0x00000000d5899df8}: 'java.lang.Object java.lang.invoke.Invokers$Holder.linkToTargetMethod(java.lang.Object, java.lang.Object, int, int, java.lang.Object)'> (0x00000000d5899df8) 
thrown [s\src\hotspot\share\interpreter\linkResolver.cpp, line 773]
Event: 166.036 Thread 0x000001951f8d6d80 Exception <a 'sun/nio/fs/WindowsException'{0x00000000d563ada0}> (0x00000000d563ada0) 
thrown [s\src\hotspot\share\prims\jni.cpp, line 520]
Event: 166.036 Thread 0x000001951f8d6d80 Exception <a 'sun/nio/fs/WindowsException'{0x00000000d58bf180}> (0x00000000d58bf180) 
thrown [s\src\hotspot\share\prims\jni.cpp, line 520]
Event: 166.131 Thread 0x0000019522536fd0 Exception <a 'java/lang/NoSuchMethodError'{0x00000000d574fd98}: method resolution failed> (0x00000000d574fd98) 
thrown [s\src\hotspot\share\prims\methodHandles.cpp, line 1144]
Event: 166.170 Thread 0x0000019522536940 Exception <a 'java/lang/IncompatibleClassChangeError'{0x00000000d5623c40}: Found class java.lang.Object, but interface was expected> (0x00000000d5623c40) 
thrown [s\src\hotspot\share\interpreter\linkResolver.cpp, line 840]
Event: 166.242 Thread 0x0000019522536940 Exception <a 'java/lang/IncompatibleClassChangeError'{0x00000000d57a4278}: Found class java.lang.Object, but interface was expected> (0x00000000d57a4278) 
thrown [s\src\hotspot\share\interpreter\linkResolver.cpp, line 840]
Event: 166.274 Thread 0x0000019522536940 Exception <a 'java/lang/IncompatibleClassChangeError'{0x00000000d5806048}: Found class java.lang.Object, but interface was expected> (0x00000000d5806048) 
thrown [s\src\hotspot\share\interpreter\linkResolver.cpp, line 840]
Event: 166.408 Thread 0x000001951f8d6d80 Exception <a 'sun/nio/fs/WindowsException'{0x00000000d57a2de8}> (0x00000000d57a2de8) 
thrown [s\src\hotspot\share\prims\jni.cpp, line 520]
Event: 166.409 Thread 0x000001951f8d6d80 Exception <a 'sun/nio/fs/WindowsException'{0x00000000d58d2e08}> (0x00000000d58d2e08) 
thrown [s\src\hotspot\share\prims\jni.cpp, line 520]

ZGC Phase Switch (0 events):
No events

VM Operations (20 events):
Event: 167.977 Executing VM operation: ParallelGCFailedAllocation (Allocation Failure)
Event: 167.998 Executing VM operation: ParallelGCFailedAllocation (Allocation Failure) done
Event: 168.033 Executing VM operation: ParallelGCFailedAllocation (Allocation Failure)
Event: 168.034 Executing VM operation: ParallelGCFailedAllocation (Allocation Failure) done
Event: 168.060 Executing VM operation: ParallelGCFailedAllocation (Allocation Failure)
Event: 168.063 Executing VM operation: ParallelGCFailedAllocation (Allocation Failure) done
Event: 168.117 Executing VM operation: ParallelGCFailedAllocation (Allocation Failure)
Event: 168.119 Executing VM operation: ParallelGCFailedAllocation (Allocation Failure) done
Event: 168.161 Executing VM operation: ParallelGCFailedAllocation (Allocation Failure)
Event: 168.179 Executing VM operation: ParallelGCFailedAllocation (Allocation Failure) done
Event: 168.249 Executing VM operation: ParallelGCFailedAllocation (Allocation Failure)
Event: 168.263 Executing VM operation: ParallelGCFailedAllocation (Allocation Failure) done
Event: 168.333 Executing VM operation: ParallelGCFailedAllocation (Allocation Failure)
Event: 168.342 Executing VM operation: ParallelGCFailedAllocation (Allocation Failure) done
Event: 168.374 Executing VM operation: ParallelGCFailedAllocation (Allocation Failure)
Event: 168.376 Executing VM operation: ParallelGCFailedAllocation (Allocation Failure) done
Event: 168.401 Executing VM operation: ParallelGCFailedAllocation (Allocation Failure)
Event: 168.403 Executing VM operation: ParallelGCFailedAllocation (Allocation Failure) done
Event: 168.424 Executing VM operation: ParallelGCFailedAllocation (Allocation Failure)
Event: 168.426 Executing VM operation: ParallelGCFailedAllocation (Allocation Failure) done

Memory protections (0 events):
No events

Nmethod flushes (20 events):
Event: 154.682 Thread 0x00000194c200e840 flushing  nmethod 0x00000194c6497790
Event: 154.682 Thread 0x00000194c200e840 flushing  nmethod 0x00000194c64e2310
Event: 154.682 Thread 0x00000194c200e840 flushing  nmethod 0x00000194c6616d10
Event: 154.682 Thread 0x00000194c200e840 flushing  nmethod 0x00000194c6651f90
Event: 154.682 Thread 0x00000194c200e840 flushing  nmethod 0x00000194c666b810
Event: 154.682 Thread 0x00000194c200e840 flushing  nmethod 0x00000194c6679310
Event: 154.682 Thread 0x00000194c200e840 flushing  nmethod 0x00000194c6689e10
Event: 154.682 Thread 0x00000194c200e840 flushing  nmethod 0x00000194c668bd10
Event: 154.682 Thread 0x00000194c200e840 flushing  nmethod 0x00000194c6690890
Event: 154.682 Thread 0x00000194c200e840 flushing  nmethod 0x00000194c66a4210
Event: 154.682 Thread 0x00000194c200e840 flushing  nmethod 0x00000194c673ec90
Event: 154.682 Thread 0x00000194c200e840 flushing osr nmethod 0x00000194c6c10990
Event: 154.682 Thread 0x00000194c200e840 flushing  nmethod 0x00000194c6c57e10
Event: 154.682 Thread 0x00000194c200e840 flushing  nmethod 0x00000194c6d77190
Event: 154.682 Thread 0x00000194c200e840 flushing  nmethod 0x00000194c6d78390
Event: 154.682 Thread 0x00000194c200e840 flushing  nmethod 0x00000194c6d9b810
Event: 154.682 Thread 0x00000194c200e840 flushing  nmethod 0x00000194c6da0e90
Event: 154.682 Thread 0x00000194c200e840 flushing  nmethod 0x00000194c6db6890
Event: 154.682 Thread 0x00000194c200e840 flushing  nmethod 0x00000194c6e28290
Event: 154.682 Thread 0x00000194c200e840 flushing  nmethod 0x00000194c6ffdc10

Events (20 events):
Event: 85.314 Thread 0x0000019522536fd0 Thread added: 0x000001951a7e4f60
Event: 85.314 Thread 0x0000019522536fd0 Thread added: 0x000001951a7e5c80
Event: 86.021 Thread 0x000001951a7e1450 Thread exited: 0x000001951a7e1450
Event: 86.021 Thread 0x000001951a7e5c80 Thread exited: 0x000001951a7e5c80
Event: 86.021 Thread 0x000001951a7e48d0 Thread exited: 0x000001951a7e48d0
Event: 86.021 Thread 0x000001951a7e4f60 Thread exited: 0x000001951a7e4f60
Event: 86.023 Thread 0x000001951a7e2800 Thread exited: 0x000001951a7e2800
Event: 109.400 Thread 0x00000194c1ee0ba0 Thread added: 0x00000195248620c0
Event: 111.625 Thread 0x00000195248620c0 Thread exited: 0x00000195248620c0
Event: 127.780 Thread 0x000001952227b4f0 Thread exited: 0x000001952227b4f0
Event: 128.063 Thread 0x000001952227cf30 Thread exited: 0x000001952227cf30
Event: 158.473 Thread 0x0000019522536940 Thread added: 0x000001951a7e48d0
Event: 158.484 Thread 0x0000019522536940 Thread added: 0x000001951a7e2800
Event: 158.506 Thread 0x000001951a7e2800 Thread added: 0x000001951a7e3520
Event: 159.214 Thread 0x00000194c1ee0ba0 Thread added: 0x0000019524860580
Event: 160.243 Thread 0x0000019524860580 Thread exited: 0x0000019524860580
Event: 166.143 Thread 0x000001951f8d6d80 Thread added: 0x000001951a7e4f60
Event: 166.175 Thread 0x00000194c1ee0ba0 Thread added: 0x00000195248619f0
Event: 166.699 Thread 0x00000195248619f0 Thread exited: 0x00000195248619f0
Event: 168.272 Thread 0x00000194c1ee0ba0 Thread added: 0x0000019524860580


Dynamic libraries:
0x00007ff640b20000 - 0x00007ff640b2e000 	c:\Users\DELL\.vscode\extensions\redhat.java-1.43.1-win32-x64\jre\21.0.7-win32-x86_64\bin\java.exe
0x00007ffaee1a0000 - 0x00007ffaee408000 	C:\WINDOWS\SYSTEM32\ntdll.dll
0x00007ffaedba0000 - 0x00007ffaedc69000 	C:\WINDOWS\System32\KERNEL32.DLL
0x00007ffaebb50000 - 0x00007ffaebf3d000 	C:\WINDOWS\System32\KERNELBASE.dll
0x00007ffaeb560000 - 0x00007ffaeb6ab000 	C:\WINDOWS\System32\ucrtbase.dll
0x00007fface950000 - 0x00007fface968000 	c:\Users\DELL\.vscode\extensions\redhat.java-1.43.1-win32-x64\jre\21.0.7-win32-x86_64\bin\jli.dll
0x00007ffaeca40000 - 0x00007ffaecc0c000 	C:\WINDOWS\System32\USER32.dll
0x00007ffaeb9a0000 - 0x00007ffaeb9c7000 	C:\WINDOWS\System32\win32u.dll
0x00007ffaede70000 - 0x00007ffaede9b000 	C:\WINDOWS\System32\GDI32.dll
0x00007ffaeb390000 - 0x00007ffaeb4c7000 	C:\WINDOWS\System32\gdi32full.dll
0x00007ffaeb770000 - 0x00007ffaeb813000 	C:\WINDOWS\System32\msvcp_win.dll
0x00007ffacc810000 - 0x00007ffacc82e000 	c:\Users\DELL\.vscode\extensions\redhat.java-1.43.1-win32-x64\jre\21.0.7-win32-x86_64\bin\VCRUNTIME140.dll
0x00007ffad3860000 - 0x00007ffad3afa000 	C:\WINDOWS\WinSxS\amd64_microsoft.windows.common-controls_6595b64144ccf1df_6.0.26100.4484_none_3e0e6d4ce32ef3b3\COMCTL32.dll
0x00007ffaedae0000 - 0x00007ffaedb89000 	C:\WINDOWS\System32\msvcrt.dll
0x00007ffaedfa0000 - 0x00007ffaedfcf000 	C:\WINDOWS\System32\IMM32.DLL
0x00007ffae28b0000 - 0x00007ffae28bc000 	c:\Users\DELL\.vscode\extensions\redhat.java-1.43.1-win32-x64\jre\21.0.7-win32-x86_64\bin\vcruntime140_1.dll
0x00007ffaba730000 - 0x00007ffaba7bd000 	c:\Users\DELL\.vscode\extensions\redhat.java-1.43.1-win32-x64\jre\21.0.7-win32-x86_64\bin\msvcp140.dll
0x00007ffa37720000 - 0x00007ffa384b0000 	c:\Users\DELL\.vscode\extensions\redhat.java-1.43.1-win32-x64\jre\21.0.7-win32-x86_64\bin\server\jvm.dll
0x00007ffaec1e0000 - 0x00007ffaec294000 	C:\WINDOWS\System32\ADVAPI32.dll
0x00007ffaebf40000 - 0x00007ffaebfe6000 	C:\WINDOWS\System32\sechost.dll
0x00007ffaec2a0000 - 0x00007ffaec3b8000 	C:\WINDOWS\System32\RPCRT4.dll
0x00007ffaeda60000 - 0x00007ffaedad4000 	C:\WINDOWS\System32\WS2_32.dll
0x00007ffae9f10000 - 0x00007ffae9f6e000 	C:\WINDOWS\SYSTEM32\POWRPROF.dll
0x00007ffae0260000 - 0x00007ffae0295000 	C:\WINDOWS\SYSTEM32\WINMM.dll
0x00007ffadb900000 - 0x00007ffadb90b000 	C:\WINDOWS\SYSTEM32\VERSION.dll
0x00007ffae9ef0000 - 0x00007ffae9f04000 	C:\WINDOWS\SYSTEM32\UMPDC.dll
0x00007ffaea1b0000 - 0x00007ffaea1cb000 	C:\WINDOWS\SYSTEM32\kernel.appcore.dll
0x00007ffadb710000 - 0x00007ffadb71a000 	c:\Users\DELL\.vscode\extensions\redhat.java-1.43.1-win32-x64\jre\21.0.7-win32-x86_64\bin\jimage.dll
0x00007ffae8a00000 - 0x00007ffae8c41000 	C:\WINDOWS\SYSTEM32\DBGHELP.DLL
0x00007ffaed6d0000 - 0x00007ffaeda56000 	C:\WINDOWS\System32\combase.dll
0x00007ffaedea0000 - 0x00007ffaedf80000 	C:\WINDOWS\System32\OLEAUT32.dll
0x00007ffac93b0000 - 0x00007ffac93f3000 	C:\WINDOWS\SYSTEM32\dbgcore.DLL
0x00007ffaeb2f0000 - 0x00007ffaeb389000 	C:\WINDOWS\System32\bcryptPrimitives.dll
0x00007ffae3880000 - 0x00007ffae388f000 	c:\Users\DELL\.vscode\extensions\redhat.java-1.43.1-win32-x64\jre\21.0.7-win32-x86_64\bin\instrument.dll
0x00007ffac9a70000 - 0x00007ffac9a8f000 	c:\Users\DELL\.vscode\extensions\redhat.java-1.43.1-win32-x64\jre\21.0.7-win32-x86_64\bin\java.dll
0x00007ffaecef0000 - 0x00007ffaed63a000 	C:\WINDOWS\System32\SHELL32.dll
0x00007ffaeb9d0000 - 0x00007ffaebb44000 	C:\WINDOWS\System32\wintypes.dll
0x00007ffae8f70000 - 0x00007ffae97cb000 	C:\WINDOWS\SYSTEM32\windows.storage.dll
0x00007ffaedd70000 - 0x00007ffaede65000 	C:\WINDOWS\System32\SHCORE.dll
0x00007ffaedd00000 - 0x00007ffaedd6a000 	C:\WINDOWS\System32\shlwapi.dll
0x00007ffaeb200000 - 0x00007ffaeb22f000 	C:\WINDOWS\SYSTEM32\profapi.dll
0x00007ffac86e0000 - 0x00007ffac86f8000 	c:\Users\DELL\.vscode\extensions\redhat.java-1.43.1-win32-x64\jre\21.0.7-win32-x86_64\bin\zip.dll
0x00007ffada9b0000 - 0x00007ffada9c0000 	C:\Users\DELL\.vscode\extensions\redhat.java-1.43.1-win32-x64\jre\21.0.7-win32-x86_64\bin\net.dll
0x00007ffae3e70000 - 0x00007ffae3f8e000 	C:\WINDOWS\SYSTEM32\WINHTTP.dll
0x00007ffaea740000 - 0x00007ffaea7aa000 	C:\WINDOWS\system32\mswsock.dll
0x00007ffac8480000 - 0x00007ffac8496000 	C:\Users\DELL\.vscode\extensions\redhat.java-1.43.1-win32-x64\jre\21.0.7-win32-x86_64\bin\nio.dll
0x00007ffada900000 - 0x00007ffada910000 	c:\Users\DELL\.vscode\extensions\redhat.java-1.43.1-win32-x64\jre\21.0.7-win32-x86_64\bin\verify.dll
0x00007ffad63f0000 - 0x00007ffad6435000 	C:\Users\DELL\AppData\Roaming\Code\User\globalStorage\redhat.java\1.43.1\config_win\org.eclipse.equinox.launcher\org.eclipse.equinox.launcher.win32.win32.x86_64_1.2.1300.v20250331-1702\eclipse_11911.dll
0x00007ffaecc10000 - 0x00007ffaecdae000 	C:\WINDOWS\System32\ole32.dll
0x00007ffaea9f0000 - 0x00007ffaeaa0b000 	C:\WINDOWS\SYSTEM32\CRYPTSP.dll
0x00007ffaea110000 - 0x00007ffaea14b000 	C:\WINDOWS\system32\rsaenh.dll
0x00007ffaea7e0000 - 0x00007ffaea80b000 	C:\WINDOWS\SYSTEM32\USERENV.dll
0x00007ffaeb1d0000 - 0x00007ffaeb1f6000 	C:\WINDOWS\SYSTEM32\bcrypt.dll
0x00007ffaeaa10000 - 0x00007ffaeaa1c000 	C:\WINDOWS\SYSTEM32\CRYPTBASE.dll
0x00007ffae9b50000 - 0x00007ffae9b83000 	C:\WINDOWS\SYSTEM32\IPHLPAPI.DLL
0x00007ffaedb90000 - 0x00007ffaedb9a000 	C:\WINDOWS\System32\NSI.dll
0x00007ffac3600000 - 0x00007ffac3649000 	C:\Users\DELL\AppData\Local\Temp\jna-2094529\jna749998051610349090.dll
0x00007ffaebff0000 - 0x00007ffaebff8000 	C:\WINDOWS\System32\PSAPI.DLL
0x00007ffae51a0000 - 0x00007ffae51bf000 	C:\WINDOWS\SYSTEM32\dhcpcsvc6.DLL
0x00007ffae5170000 - 0x00007ffae5195000 	C:\WINDOWS\SYSTEM32\dhcpcsvc.DLL
0x00007ffaea2e0000 - 0x00007ffaea316000 	C:\WINDOWS\SYSTEM32\ntmarta.dll

dbghelp: loaded successfully - version: 4.0.5 - missing functions: none
symbol engine: initialized successfully - sym options: 0x614 - pdb path: .;c:\Users\DELL\.vscode\extensions\redhat.java-1.43.1-win32-x64\jre\21.0.7-win32-x86_64\bin;C:\WINDOWS\SYSTEM32;C:\WINDOWS\WinSxS\amd64_microsoft.windows.common-controls_6595b64144ccf1df_6.0.26100.4484_none_3e0e6d4ce32ef3b3;c:\Users\DELL\.vscode\extensions\redhat.java-1.43.1-win32-x64\jre\21.0.7-win32-x86_64\bin\server;C:\Users\DELL\AppData\Roaming\Code\User\globalStorage\redhat.java\1.43.1\config_win\org.eclipse.equinox.launcher\org.eclipse.equinox.launcher.win32.win32.x86_64_1.2.1300.v20250331-1702;C:\Users\DELL\AppData\Local\Temp\jna-2094529

VM Arguments:
jvm_args: --add-modules=ALL-SYSTEM --add-opens=java.base/java.util=ALL-UNNAMED --add-opens=java.base/java.lang=ALL-UNNAMED --add-opens=java.base/sun.nio.fs=ALL-UNNAMED -Declipse.application=org.eclipse.jdt.ls.core.id1 -Dosgi.bundles.defaultStartLevel=4 -Declipse.product=org.eclipse.jdt.ls.core.product -Djava.import.generatesMetadataFilesAtProjectRoot=false -DDetectVMInstallationsJob.disabled=true -Dfile.encoding=utf8 -XX:+UseParallelGC -XX:GCTimeRatio=4 -XX:AdaptiveSizePolicyWeight=90 -Dsun.zip.disableMemoryMapping=true -Xmx2G -Xms100m -Xlog:disable -javaagent:c:\Users\DELL\.vscode\extensions\redhat.java-1.43.1-win32-x64\lombok\lombok-1.18.39-4050.jar -XX:+HeapDumpOnOutOfMemoryError -XX:HeapDumpPath=c:\Users\DELL\AppData\Roaming\Code\User\workspaceStorage\71e3a1359a178e346544d62e09b1f4bf\redhat.java -Daether.dependencyCollector.impl=bf 
java_command: c:\Users\DELL\.vscode\extensions\redhat.java-1.43.1-win32-x64\server\plugins\org.eclipse.equinox.launcher_1.7.0.v20250519-0528.jar -configuration c:\Users\DELL\AppData\Roaming\Code\User\globalStorage\redhat.java\1.43.1\config_win -data c:\Users\DELL\AppData\Roaming\Code\User\workspaceStorage\71e3a1359a178e346544d62e09b1f4bf\redhat.java\jdt_ws --pipe=\\.\pipe\lsp-b49c56c8d2912d0bf60eabc1605d0a93-sock
java_class_path (initial): c:\Users\DELL\.vscode\extensions\redhat.java-1.43.1-win32-x64\server\plugins\org.eclipse.equinox.launcher_1.7.0.v20250519-0528.jar
Launcher Type: SUN_STANDARD

[Global flags]
    uintx AdaptiveSizePolicyWeight                 = 90                                        {product} {command line}
     intx CICompilerCount                          = 3                                         {product} {ergonomic}
    uintx GCTimeRatio                              = 4                                         {product} {command line}
     bool HeapDumpOnOutOfMemoryError               = true                                   {manageable} {command line}
    ccstr HeapDumpPath                             = c:\Users\DELL\AppData\Roaming\Code\User\workspaceStorage\71e3a1359a178e346544d62e09b1f4bf\redhat.java         {manageable} {command line}
   size_t InitialHeapSize                          = 104857600                                 {product} {command line}
   size_t MaxHeapSize                              = 2147483648                                {product} {command line}
   size_t MaxNewSize                               = 715653120                                 {product} {ergonomic}
   size_t MinHeapDeltaBytes                        = 524288                                    {product} {ergonomic}
   size_t MinHeapSize                              = 104857600                                 {product} {command line}
   size_t NewSize                                  = 34603008                                  {product} {ergonomic}
    uintx NonNMethodCodeHeapSize                   = 5832780                                {pd product} {ergonomic}
    uintx NonProfiledCodeHeapSize                  = 122912730                              {pd product} {ergonomic}
   size_t OldSize                                  = 70254592                                  {product} {ergonomic}
    uintx ProfiledCodeHeapSize                     = 122912730                              {pd product} {ergonomic}
    uintx ReservedCodeCacheSize                    = 251658240                              {pd product} {ergonomic}
     bool SegmentedCodeCache                       = true                                      {product} {ergonomic}
   size_t SoftMaxHeapSize                          = 2147483648                             {manageable} {ergonomic}
     bool UseCompressedOops                        = true                           {product lp64_product} {ergonomic}
     bool UseLargePagesIndividualAllocation        = false                                  {pd product} {ergonomic}
     bool UseParallelGC                            = true                                      {product} {command line}

Logging:
Log output configuration:
 #0: stdout all=off uptime,level,tags foldmultilines=false
 #1: stderr all=off uptime,level,tags foldmultilines=false

Environment Variables:
PATH=C:\Program Files\Microsoft MPI\Bin\;C:\Program Files\Common Files\Oracle\Java\javapath;C:\WINDOWS\system32;C:\WINDOWS;C:\WINDOWS\System32\Wbem;C:\WINDOWS\System32\WindowsPowerShell\v1.0\;C:\WINDOWS\System32\OpenSSH\;C:\Program Files\dotnet\;C:\Program Files (x86)\Microsoft SQL Server\160\Tools\Binn\;C:\Program Files\Microsoft SQL Server\160\Tools\Binn\;C:\Program Files\Microsoft SQL Server\Client SDK\ODBC\170\Tools\Binn\;C:\Program Files\Microsoft SQL Server\160\DTS\Binn\;C:\Program Files (x86)\Microsoft SQL Server\160\DTS\Binn\;C:\Program Files\Azure Data Studio\bin;C:\Program Files\Git\cmd;C:\Program Files\nodejs\;C:\Users\DELL\AppData\Local\Microsoft\WindowsApps;C:\Users\DELL\AppData\Local\Programs\Microsoft VS Code\bin;C:\Program Files\Azure Data Studio\bin;C:\Users\DELL\AppData\Roaming\npm;
USERNAME=DELL
OS=Windows_NT
PROCESSOR_IDENTIFIER=Intel64 Family 6 Model 140 Stepping 1, GenuineIntel
TMP=C:\Users\DELL\AppData\Local\Temp
TEMP=C:\Users\DELL\AppData\Local\Temp




Periodic native trim disabled

---------------  S Y S T E M  ---------------

OS:
 Windows 11 , 64 bit Build 26100 (10.0.26100.4484)
OS uptime: 12 days 7:51 hours

CPU: total 4 (initial active 4) (2 cores per cpu, 2 threads per core) family 6 model 140 stepping 1 microcode 0xbc, cx8, cmov, fxsr, ht, mmx, 3dnowpref, sse, sse2, sse3, ssse3, sse4.1, sse4.2, popcnt, lzcnt, tsc, tscinvbit, avx, avx2, aes, erms, clmul, bmi1, bmi2, adx, avx512f, avx512dq, avx512cd, avx512bw, avx512vl, sha, fma, vzeroupper, avx512_vpopcntdq, avx512_vpclmulqdq, avx512_vaes, avx512_vnni, clflush, clflushopt, clwb, avx512_vbmi2, avx512_vbmi, rdtscp, rdpid, fsrm, gfni, avx512_bitalg, f16c, pku, cet_ibt, cet_ss, avx512_ifma
Processor Information for the first 4 processors :
  Max Mhz: 2995, Current Mhz: 2995, Mhz Limit: 2995

Memory: 4k page, system-wide physical 7926M (421M free)
TotalPageFile size 32502M (AvailPageFile size 12M)
current process WorkingSet (physical memory assigned to process): 393M, peak: 617M
current process commit charge ("private bytes"): 572M, peak: 1678M

vm_info: OpenJDK 64-Bit Server VM (21.0.7+6-LTS) for windows-amd64 JRE (21.0.7+6-LTS), built on 2025-04-15T00:00:00Z by "admin" with MS VC++ 17.7 (VS2022)

END.
